mode: set
marketplace/backend/cmd/server/main.go:25.13,28.16 2 0
marketplace/backend/cmd/server/main.go:28.16,29.52 1 0
marketplace/backend/cmd/server/main.go:33.2,38.44 2 0
marketplace/backend/cmd/server/main.go:38.44,39.52 1 0
marketplace/backend/cmd/server/main.go:41.2,46.16 4 0
marketplace/backend/cmd/server/main.go:46.16,48.3 1 0
marketplace/backend/cmd/server/main.go:49.2,53.16 3 0
marketplace/backend/cmd/server/main.go:53.16,55.3 1 0
marketplace/backend/cmd/server/main.go:56.2,60.16 3 0
marketplace/backend/cmd/server/main.go:60.16,62.3 1 0
marketplace/backend/cmd/server/main.go:63.2,81.34 9 0
marketplace/backend/cmd/server/main.go:81.34,83.3 1 0
marketplace/backend/cmd/server/main.go:86.2,106.12 7 0
marketplace/backend/cmd/server/main.go:106.12,108.77 2 0
marketplace/backend/cmd/server/main.go:108.77,110.4 1 0
marketplace/backend/cmd/server/main.go:114.2,123.42 7 0
marketplace/backend/cmd/server/main.go:123.42,125.3 1 0
marketplace/backend/cmd/server/main.go:128.2,133.27 3 0
marketplace/backend/internal/config/config.go:39.39,42.11 2 0
marketplace/backend/internal/config/config.go:42.11,44.3 1 0
marketplace/backend/internal/config/config.go:45.2,45.12 1 0
marketplace/backend/internal/config/config.go:71.41,80.45 6 0
marketplace/backend/internal/config/config.go:80.45,82.3 1 0
marketplace/backend/internal/config/config.go:84.2,85.45 2 0
marketplace/backend/internal/config/config.go:85.45,87.3 1 0
marketplace/backend/internal/config/config.go:89.2,89.17 1 0
marketplace/backend/pkg/errors/errors.go:36.33,38.2 1 0
marketplace/backend/internal/router/router.go:17.3,19.40 1 0
marketplace/backend/internal/router/router.go:19.40,21.3 1 0
marketplace/backend/internal/router/router.go:24.2,25.2 2 0
marketplace/backend/internal/router/router.go:25.2,28.3 2 0
marketplace/backend/internal/router/router.go:28.3,32.4 3 0
marketplace/backend/internal/router/router.go:35.3,37.3 3 0
marketplace/backend/internal/router/router.go:37.3,41.4 3 0
marketplace/backend/internal/router/router.go:44.3,46.3 3 0
marketplace/backend/internal/router/router.go:46.3,48.4 1 0
marketplace/backend/internal/model/user.go:26.32,28.2 1 0
marketplace/backend/internal/middleware/auth.go:18.58,20.2 1 0
marketplace/backend/internal/middleware/auth.go:31.49,32.30 1 0
marketplace/backend/internal/middleware/auth.go:32.30,35.23 2 0
marketplace/backend/internal/middleware/auth.go:35.23,39.4 3 0
marketplace/backend/internal/middleware/auth.go:42.3,43.46 2 0
marketplace/backend/internal/middleware/auth.go:43.46,47.4 3 0
marketplace/backend/internal/middleware/auth.go:49.3,53.102 3 0
marketplace/backend/internal/middleware/auth.go:53.102,55.4 1 0
marketplace/backend/internal/middleware/auth.go:57.3,57.33 1 0
marketplace/backend/internal/middleware/auth.go:57.33,61.4 3 0
marketplace/backend/internal/middleware/auth.go:64.3,68.11 4 0
marketplace/backend/internal/middleware/auth.go:73.48,74.30 1 0
marketplace/backend/internal/middleware/auth.go:74.30,76.14 2 0
marketplace/backend/internal/middleware/auth.go:76.14,80.4 3 0
marketplace/backend/internal/middleware/auth.go:82.3,83.27 2 0
marketplace/backend/internal/middleware/auth.go:83.27,84.17 1 0
marketplace/backend/internal/middleware/auth.go:84.17,87.5 2 0
marketplace/backend/internal/middleware/auth.go:90.3,91.12 2 0
marketplace/backend/internal/middleware/auth.go:96.38,99.2 2 0
marketplace/backend/internal/middleware/auth.go:102.41,105.2 2 0
marketplace/backend/internal/middleware/auth.go:108.34,111.2 2 0
marketplace/backend/internal/middleware/cors.go:10.29,11.30 1 0
marketplace/backend/internal/middleware/cors.go:11.30,19.45 7 0
marketplace/backend/internal/middleware/cors.go:19.45,22.4 2 0
marketplace/backend/internal/middleware/cors.go:24.3,24.11 1 0
marketplace/backend/internal/middleware/logger.go:13.34,14.30 1 0
marketplace/backend/internal/middleware/logger.go:14.30,24.31 7 0
marketplace/backend/internal/middleware/logger.go:24.31,34.4 1 0
marketplace/backend/internal/middleware/logger.go:34.9,34.38 1 0
marketplace/backend/internal/middleware/logger.go:34.38,43.4 1 0
marketplace/backend/internal/middleware/logger.go:43.9,52.4 1 0
marketplace/backend/internal/middleware/rbac.go:18.71,20.2 1 0
marketplace/backend/internal/middleware/rbac.go:24.49,25.30 1 0
marketplace/backend/internal/middleware/rbac.go:25.30,28.14 2 0
marketplace/backend/internal/middleware/rbac.go:28.14,32.4 3 0
marketplace/backend/internal/middleware/rbac.go:35.3,40.22 4 0
marketplace/backend/internal/middleware/rbac.go:40.22,43.4 2 0
marketplace/backend/internal/middleware/rbac.go:46.3,47.17 2 0
marketplace/backend/internal/middleware/rbac.go:47.17,51.4 3 0
marketplace/backend/internal/middleware/rbac.go:54.3,54.22 1 0
marketplace/backend/internal/middleware/rbac.go:54.22,58.4 3 0
marketplace/backend/internal/middleware/rbac.go:61.3,62.27 2 0
marketplace/backend/internal/middleware/rbac.go:62.27,64.18 2 0
marketplace/backend/internal/middleware/rbac.go:64.18,65.13 1 0
marketplace/backend/internal/middleware/rbac.go:67.4,67.10 1 0
marketplace/backend/internal/middleware/rbac.go:67.10,69.10 2 0
marketplace/backend/internal/middleware/rbac.go:73.3,73.21 1 0
marketplace/backend/internal/middleware/rbac.go:73.21,77.4 3 0
marketplace/backend/internal/middleware/rbac.go:79.3,79.11 1 0
marketplace/backend/internal/middleware/rbac.go:84.52,85.30 1 0
marketplace/backend/internal/middleware/rbac.go:85.30,87.14 2 0
marketplace/backend/internal/middleware/rbac.go:87.14,91.4 3 0
marketplace/backend/internal/middleware/rbac.go:93.3,93.27 1 0
marketplace/backend/internal/middleware/rbac.go:93.27,94.41 1 0
marketplace/backend/internal/middleware/rbac.go:94.41,97.5 2 0
marketplace/backend/internal/middleware/rbac.go:100.3,102.9 3 0
marketplace/backend/internal/middleware/rbac.go:107.46,108.28 1 0
marketplace/backend/internal/middleware/rbac.go:109.13,110.30 1 0
marketplace/backend/internal/middleware/rbac.go:111.11,112.30 1 0
marketplace/backend/internal/middleware/rbac.go:113.14,114.11 1 0
marketplace/backend/internal/middleware/rbac.go:115.10,116.12 1 0
marketplace/backend/internal/middleware/rbac.go:121.36,122.14 1 0
marketplace/backend/internal/middleware/rbac.go:123.15,124.11 1 0
marketplace/backend/internal/middleware/rbac.go:125.18,126.11 1 0
marketplace/backend/internal/middleware/rbac.go:127.14,128.11 1 0
marketplace/backend/internal/middleware/rbac.go:129.10,130.12 1 0
marketplace/backend/internal/middleware/rbac.go:135.36,136.14 1 0
marketplace/backend/internal/middleware/rbac.go:137.9,138.17 1 0
marketplace/backend/internal/middleware/rbac.go:139.9,140.20 1 0
marketplace/backend/internal/middleware/rbac.go:141.9,142.16 1 0
marketplace/backend/internal/middleware/rbac.go:143.10,144.19 1 0
marketplace/backend/internal/middleware/recovery.go:14.33,15.30 1 0
marketplace/backend/internal/middleware/recovery.go:15.30,16.16 1 0
marketplace/backend/internal/middleware/recovery.go:16.16,17.36 1 0
marketplace/backend/internal/middleware/recovery.go:17.36,36.5 4 0
marketplace/backend/internal/middleware/recovery.go:39.3,39.11 1 0
marketplace/backend/internal/rbac/casbin.go:25.91,30.16 2 0
marketplace/backend/internal/rbac/casbin.go:30.16,32.3 1 0
marketplace/backend/internal/rbac/casbin.go:34.2,35.16 2 0
marketplace/backend/internal/rbac/casbin.go:35.16,37.3 1 0
marketplace/backend/internal/rbac/casbin.go:39.2,40.16 2 0
marketplace/backend/internal/rbac/casbin.go:40.16,42.3 1 0
marketplace/backend/internal/rbac/casbin.go:44.2,44.39 1 0
marketplace/backend/internal/rbac/casbin.go:44.39,46.3 1 0
marketplace/backend/internal/rbac/casbin.go:48.2,53.17 2 0
marketplace/backend/internal/rbac/casbin.go:57.88,61.2 3 0
marketplace/backend/internal/rbac/casbin.go:64.63,68.16 4 0
marketplace/backend/internal/rbac/casbin.go:68.16,70.3 1 0
marketplace/backend/internal/rbac/casbin.go:71.2,71.32 1 0
marketplace/backend/internal/rbac/casbin.go:75.66,79.16 4 0
marketplace/backend/internal/rbac/casbin.go:79.16,81.3 1 0
marketplace/backend/internal/rbac/casbin.go:82.2,82.32 1 0
marketplace/backend/internal/rbac/casbin.go:86.67,90.16 4 0
marketplace/backend/internal/rbac/casbin.go:90.16,92.3 1 0
marketplace/backend/internal/rbac/casbin.go:93.2,93.32 1 0
marketplace/backend/internal/rbac/casbin.go:97.70,101.16 4 0
marketplace/backend/internal/rbac/casbin.go:101.16,103.3 1 0
marketplace/backend/internal/rbac/casbin.go:104.2,104.32 1 0
marketplace/backend/internal/rbac/casbin.go:108.74,112.2 3 0
marketplace/backend/internal/rbac/casbin.go:115.82,119.2 3 0
marketplace/backend/internal/rbac/casbin.go:122.65,126.16 4 0
marketplace/backend/internal/rbac/casbin.go:126.16,128.3 1 0
marketplace/backend/internal/rbac/casbin.go:129.2,129.32 1 0
marketplace/backend/internal/rbac/casbin.go:133.70,135.53 1 0
marketplace/backend/internal/rbac/casbin.go:135.53,137.3 1 0
marketplace/backend/internal/rbac/casbin.go:139.2,139.42 1 0
marketplace/backend/internal/rbac/casbin.go:143.78,152.16 5 0
marketplace/backend/internal/rbac/casbin.go:152.16,154.3 1 0
marketplace/backend/internal/rbac/casbin.go:155.2,155.8 1 0
marketplace/backend/internal/rbac/casbin.go:155.8,157.3 1 0
marketplace/backend/internal/rbac/casbin.go:160.2,161.16 2 0
marketplace/backend/internal/rbac/casbin.go:161.16,163.3 1 0
marketplace/backend/internal/rbac/casbin.go:165.2,165.16 1 0
marketplace/backend/internal/rbac/casbin.go:169.47,172.29 2 0
marketplace/backend/internal/rbac/casbin.go:172.29,173.29 1 0
marketplace/backend/internal/rbac/casbin.go:173.29,175.4 1 0
marketplace/backend/internal/rbac/casbin.go:177.2,177.33 1 0
marketplace/backend/internal/rbac/casbin.go:181.48,183.23 2 0
marketplace/backend/internal/rbac/casbin.go:183.23,184.22 1 0
marketplace/backend/internal/rbac/casbin.go:184.22,186.4 1 0
marketplace/backend/internal/rbac/casbin.go:189.2,189.33 1 0
marketplace/backend/internal/rbac/casbin.go:193.44,194.19 1 0
marketplace/backend/internal/rbac/casbin.go:194.19,196.3 1 0
marketplace/backend/internal/rbac/casbin.go:198.2,198.28 1 0
marketplace/backend/internal/rbac/casbin.go:198.28,199.25 1 0
marketplace/backend/internal/rbac/casbin.go:199.25,201.28 1 0
marketplace/backend/internal/rbac/casbin.go:201.28,202.13 1 0
marketplace/backend/internal/rbac/casbin.go:205.4,205.74 1 0
marketplace/backend/internal/rbac/casbin.go:205.74,206.13 1 0
marketplace/backend/internal/rbac/casbin.go:208.4,208.16 1 0
marketplace/backend/internal/rbac/casbin.go:211.2,211.25 1 0
marketplace/backend/internal/rbac/casbin.go:215.46,219.2 3 0
marketplace/backend/pkg/logger/logger.go:19.30,22.30 2 0
marketplace/backend/pkg/logger/logger.go:22.30,24.3 1 0
marketplace/backend/pkg/logger/logger.go:24.8,27.3 2 0
marketplace/backend/pkg/logger/logger.go:30.2,31.21 2 0
marketplace/backend/pkg/logger/logger.go:31.21,34.17 3 0
marketplace/backend/pkg/logger/logger.go:34.17,36.4 1 0
marketplace/backend/pkg/logger/logger.go:38.2,63.12 7 0
marketplace/backend/pkg/logger/logger.go:67.30,69.2 1 0
marketplace/backend/pkg/logger/logger.go:72.44,74.2 1 0
marketplace/backend/pkg/logger/logger.go:77.45,79.2 1 0
marketplace/backend/pkg/logger/logger.go:82.44,84.2 1 0
marketplace/backend/pkg/logger/logger.go:87.45,89.2 1 0
marketplace/backend/pkg/logger/logger.go:92.45,94.2 1 0
marketplace/backend/pkg/response/response.go:43.48,49.2 1 0
marketplace/backend/pkg/response/response.go:52.75,58.2 1 0
marketplace/backend/pkg/response/response.go:61.48,67.2 1 0
marketplace/backend/pkg/response/response.go:70.32,72.2 1 0
marketplace/backend/pkg/response/response.go:75.54,80.2 1 0
marketplace/backend/pkg/response/response.go:83.79,89.2 1 0
marketplace/backend/pkg/response/response.go:92.49,94.2 1 0
marketplace/backend/pkg/response/response.go:97.51,102.2 1 0
marketplace/backend/pkg/response/response.go:105.48,107.2 1 0
marketplace/backend/pkg/response/response.go:110.47,112.2 1 0
marketplace/backend/pkg/response/response.go:115.47,117.2 1 0
marketplace/backend/pkg/response/response.go:120.52,122.2 1 0
marketplace/backend/internal/repository/redis.go:14.63,26.47 4 0
marketplace/backend/internal/repository/redis.go:26.47,28.3 1 0
marketplace/backend/internal/repository/redis.go:30.2,30.20 1 0
marketplace/backend/internal/repository/redis.go:40.98,43.2 2 0
marketplace/backend/internal/repository/redis.go:46.109,49.22 3 0
marketplace/backend/internal/repository/redis.go:49.22,51.3 1 0
marketplace/backend/internal/repository/redis.go:52.2,52.16 1 0
marketplace/backend/internal/repository/redis.go:52.16,54.3 1 0
marketplace/backend/internal/repository/redis.go:55.2,55.29 1 0
marketplace/backend/internal/repository/redis.go:59.85,62.2 2 0
marketplace/backend/internal/repository/user.go:16.58,18.16 2 0
marketplace/backend/internal/repository/user.go:18.16,20.3 1 0
marketplace/backend/internal/repository/user.go:22.2,26.34 4 0
marketplace/backend/internal/repository/user.go:26.34,28.3 1 0
marketplace/backend/internal/repository/user.go:30.2,30.16 1 0
marketplace/backend/internal/repository/user.go:50.53,52.2 1 1
marketplace/backend/internal/repository/user.go:55.86,58.62 3 1
marketplace/backend/internal/repository/user.go:58.62,60.3 1 0
marketplace/backend/internal/repository/user.go:61.2,61.18 1 1
marketplace/backend/internal/repository/user.go:65.99,68.68 3 1
marketplace/backend/internal/repository/user.go:68.68,70.3 1 1
marketplace/backend/internal/repository/user.go:71.2,71.18 1 1
marketplace/backend/internal/repository/user.go:75.87,78.16 3 1
marketplace/backend/internal/repository/user.go:78.16,80.3 1 0
marketplace/backend/internal/repository/user.go:81.2,81.30 1 1
marketplace/backend/internal/repository/user.go:85.78,89.2 3 1
marketplace/backend/internal/repository/user.go:92.95,96.2 3 1
marketplace/backend/internal/repository/user.go:99.102,104.65 4 1
marketplace/backend/internal/repository/user.go:104.65,106.3 1 0
marketplace/backend/internal/repository/user.go:108.2,110.81 3 1
marketplace/backend/internal/repository/user.go:110.81,112.3 1 0
marketplace/backend/internal/repository/user.go:114.2,114.26 1 1
marketplace/backend/internal/handler/auth.go:20.110,25.2 1 1
marketplace/backend/internal/handler/auth.go:28.45,30.47 2 1
marketplace/backend/internal/handler/auth.go:30.47,33.3 2 0
marketplace/backend/internal/handler/auth.go:35.2,36.16 2 1
marketplace/backend/internal/handler/auth.go:36.16,37.14 1 0
marketplace/backend/internal/handler/auth.go:38.30,39.56 1 0
marketplace/backend/internal/handler/auth.go:40.34,41.47 1 0
marketplace/backend/internal/handler/auth.go:42.11,43.45 1 0
marketplace/backend/internal/handler/auth.go:45.3,45.9 1 0
marketplace/backend/internal/handler/auth.go:48.2,48.29 1 1
marketplace/backend/internal/handler/auth.go:52.47,54.47 2 1
marketplace/backend/internal/handler/auth.go:54.47,57.3 2 0
marketplace/backend/internal/handler/auth.go:59.2,60.16 2 1
marketplace/backend/internal/handler/auth.go:60.16,63.3 2 0
marketplace/backend/internal/handler/auth.go:65.2,68.4 1 1
marketplace/backend/internal/handler/auth.go:72.46,75.70 2 0
marketplace/backend/internal/handler/auth.go:75.70,78.3 2 0
marketplace/backend/internal/handler/auth.go:80.2,80.55 1 0
marketplace/backend/internal/handler/auth.go:84.48,86.47 2 1
marketplace/backend/internal/handler/auth.go:86.47,89.3 2 0
marketplace/backend/internal/handler/auth.go:91.2,92.16 2 1
marketplace/backend/internal/handler/auth.go:92.16,95.3 2 0
marketplace/backend/internal/handler/auth.go:97.2,97.27 1 1
marketplace/backend/internal/handler/user.go:20.72,22.2 1 1
marketplace/backend/internal/handler/user.go:25.51,29.16 3 0
marketplace/backend/internal/handler/user.go:29.16,32.3 2 0
marketplace/backend/internal/handler/user.go:34.2,34.27 1 0
marketplace/backend/internal/handler/user.go:38.54,42.47 3 1
marketplace/backend/internal/handler/user.go:42.47,45.3 2 0
marketplace/backend/internal/handler/user.go:47.2,48.16 2 1
marketplace/backend/internal/handler/user.go:48.16,51.3 2 0
marketplace/backend/internal/handler/user.go:53.2,53.27 1 1
marketplace/backend/internal/handler/user.go:57.51,60.16 3 1
marketplace/backend/internal/handler/user.go:60.16,63.3 2 0
marketplace/backend/internal/handler/user.go:65.2,66.16 2 1
marketplace/backend/internal/handler/user.go:66.16,69.3 2 0
marketplace/backend/internal/handler/user.go:71.2,71.27 1 1
marketplace/backend/internal/handler/user.go:75.49,79.14 3 1
marketplace/backend/internal/handler/user.go:79.14,81.3 1 0
marketplace/backend/internal/handler/user.go:82.2,82.36 1 1
marketplace/backend/internal/handler/user.go:82.36,84.3 1 0
marketplace/backend/internal/handler/user.go:86.2,87.16 2 1
marketplace/backend/internal/handler/user.go:87.16,90.3 2 0
marketplace/backend/internal/handler/user.go:92.2,97.4 1 1
marketplace/backend/internal/service/auth.go:36.123,44.2 1 1
marketplace/backend/internal/service/auth.go:47.71,61.2 3 1
marketplace/backend/internal/service/auth.go:64.78,78.2 3 1
marketplace/backend/internal/service/auth.go:81.71,82.104 1 1
marketplace/backend/internal/service/auth.go:82.104,83.58 1 1
marketplace/backend/internal/service/auth.go:83.58,85.4 1 0
marketplace/backend/internal/service/auth.go:86.3,86.26 1 1
marketplace/backend/internal/service/auth.go:89.2,89.16 1 1
marketplace/backend/internal/service/auth.go:89.16,91.3 1 1
marketplace/backend/internal/service/auth.go:93.2,93.61 1 1
marketplace/backend/internal/service/auth.go:93.61,95.3 1 1
marketplace/backend/internal/service/auth.go:97.2,97.39 1 0
marketplace/backend/internal/service/auth.go:101.96,103.2 1 0
marketplace/backend/internal/service/auth.go:106.107,108.2 1 0
marketplace/backend/internal/service/auth.go:111.83,113.2 1 0
marketplace/backend/internal/service/auth.go:116.107,119.16 2 1
marketplace/backend/internal/service/auth.go:119.16,121.3 1 1
marketplace/backend/internal/service/auth.go:124.2,124.43 1 1
marketplace/backend/internal/service/auth.go:124.43,126.3 1 1
marketplace/backend/internal/service/auth.go:129.2,129.95 1 0
marketplace/backend/internal/service/auth.go:129.95,131.3 1 0
marketplace/backend/internal/service/auth.go:134.2,135.16 2 0
marketplace/backend/internal/service/auth.go:135.16,137.3 1 0
marketplace/backend/internal/service/auth.go:139.2,140.16 2 0
marketplace/backend/internal/service/auth.go:140.16,142.3 1 0
marketplace/backend/internal/service/auth.go:145.2,145.72 1 0
marketplace/backend/internal/service/auth.go:145.72,147.3 1 0
marketplace/backend/internal/service/auth.go:149.2,153.8 1 0
marketplace/backend/internal/service/auth.go:157.102,160.16 2 0
marketplace/backend/internal/service/auth.go:160.16,162.3 1 0
marketplace/backend/internal/service/auth.go:165.2,166.16 2 0
marketplace/backend/internal/service/auth.go:166.16,168.3 1 0
marketplace/backend/internal/service/auth.go:169.2,169.12 1 0
marketplace/backend/internal/service/auth.go:169.12,171.3 1 0
marketplace/backend/internal/service/auth.go:174.2,175.16 2 0
marketplace/backend/internal/service/auth.go:175.16,177.3 1 0
marketplace/backend/internal/service/auth.go:180.2,181.16 2 0
marketplace/backend/internal/service/auth.go:181.16,183.3 1 0
marketplace/backend/internal/service/auth.go:185.2,186.16 2 0
marketplace/backend/internal/service/auth.go:186.16,188.3 1 0
marketplace/backend/internal/service/auth.go:191.2,191.75 1 0
marketplace/backend/internal/service/auth.go:191.75,193.3 1 0
marketplace/backend/internal/service/auth.go:195.2,195.45 1 0
marketplace/backend/internal/service/auth.go:199.71,201.2 1 0
marketplace/backend/internal/service/auth.go:204.52,206.16 2 1
marketplace/backend/internal/service/auth.go:206.16,208.3 1 0
marketplace/backend/internal/service/auth.go:209.2,209.26 1 1
marketplace/backend/internal/service/user.go:18.73,20.2 1 1
marketplace/backend/internal/service/user.go:23.83,25.16 2 1
marketplace/backend/internal/service/user.go:25.16,27.3 1 1
marketplace/backend/internal/service/user.go:28.2,28.18 1 1
marketplace/backend/internal/service/user.go:32.96,34.16 2 1
marketplace/backend/internal/service/user.go:34.16,36.3 1 1
marketplace/backend/internal/service/user.go:37.2,37.18 1 1
marketplace/backend/internal/service/user.go:41.102,44.16 2 1
marketplace/backend/internal/service/user.go:44.16,46.3 1 0
marketplace/backend/internal/service/user.go:48.2,58.16 3 1
marketplace/backend/internal/service/user.go:58.16,60.3 1 0
marketplace/backend/internal/service/user.go:62.2,63.18 2 1
marketplace/backend/internal/service/user.go:67.112,69.16 2 1
marketplace/backend/internal/service/user.go:69.16,71.3 1 1
marketplace/backend/internal/service/user.go:73.2,73.25 1 1
marketplace/backend/internal/service/user.go:73.25,75.3 1 1
marketplace/backend/internal/service/user.go:76.2,76.22 1 1
marketplace/backend/internal/service/user.go:76.22,78.3 1 0
marketplace/backend/internal/service/user.go:79.2,79.23 1 1
marketplace/backend/internal/service/user.go:79.23,81.3 1 0
marketplace/backend/internal/service/user.go:83.2,83.53 1 1
marketplace/backend/internal/service/user.go:83.53,85.3 1 0
marketplace/backend/internal/service/user.go:87.2,87.18 1 1
marketplace/backend/internal/service/user.go:91.99,93.2 1 1
