mode: atomic
marketplace/backend/cmd/genpass/main.go:8.13,11.16 3 0
marketplace/backend/cmd/genpass/main.go:11.16,12.13 1 0
marketplace/backend/cmd/genpass/main.go:14.2,14.27 1 0
marketplace/backend/cmd/diag/main.go:13.13,18.16 3 0
marketplace/backend/cmd/diag/main.go:18.16,20.3 1 0
marketplace/backend/cmd/diag/main.go:21.2,38.16 7 0
marketplace/backend/cmd/diag/main.go:38.16,40.3 1 0
marketplace/backend/cmd/diag/main.go:42.2,54.36 10 0
marketplace/backend/cmd/diag/main.go:54.36,56.17 2 0
marketplace/backend/cmd/diag/main.go:56.17,58.4 1 0
marketplace/backend/cmd/diag/main.go:58.9,60.4 1 0
marketplace/backend/cmd/diag/main.go:64.2,67.16 4 0
marketplace/backend/cmd/diag/main.go:67.16,69.3 1 0
marketplace/backend/cmd/diag/main.go:70.2,75.16 4 0
marketplace/backend/cmd/diag/main.go:75.16,77.3 1 0
marketplace/backend/cmd/diag/main.go:77.8,79.3 1 0
marketplace/backend/cmd/diag/main.go:82.2,84.37 3 0
marketplace/backend/cmd/diag/main.go:84.37,86.3 1 0
marketplace/backend/cmd/diag/main.go:86.8,88.3 1 0
marketplace/backend/cmd/resetpwd/main.go:14.13,22.18 5 0
marketplace/backend/cmd/resetpwd/main.go:22.18,29.3 6 0
marketplace/backend/cmd/resetpwd/main.go:32.2,34.16 3 0
marketplace/backend/cmd/resetpwd/main.go:34.16,36.3 1 0
marketplace/backend/cmd/resetpwd/main.go:37.2,55.16 8 0
marketplace/backend/cmd/resetpwd/main.go:55.16,57.3 1 0
marketplace/backend/cmd/resetpwd/main.go:59.2,68.23 8 0
marketplace/backend/cmd/resetpwd/main.go:68.23,72.3 2 0
marketplace/backend/cmd/resetpwd/main.go:72.8,74.3 1 0
marketplace/backend/cmd/resetpwd/main.go:77.2,77.26 1 0
marketplace/backend/cmd/resetpwd/main.go:77.26,79.3 1 0
marketplace/backend/cmd/resetpwd/main.go:80.2,80.27 1 0
marketplace/backend/cmd/resetpwd/main.go:80.27,82.3 1 0
marketplace/backend/cmd/resetpwd/main.go:85.2,87.16 3 0
marketplace/backend/cmd/resetpwd/main.go:87.16,89.3 1 0
marketplace/backend/cmd/resetpwd/main.go:92.2,95.16 4 0
marketplace/backend/cmd/resetpwd/main.go:95.16,97.3 1 0
marketplace/backend/cmd/resetpwd/main.go:99.2,100.23 2 0
marketplace/backend/cmd/resetpwd/main.go:100.23,102.3 1 0
marketplace/backend/cmd/resetpwd/main.go:105.2,108.16 4 0
marketplace/backend/cmd/resetpwd/main.go:108.16,110.3 1 0
marketplace/backend/cmd/resetpwd/main.go:113.2,114.16 2 0
marketplace/backend/cmd/resetpwd/main.go:114.16,116.3 1 0
marketplace/backend/cmd/resetpwd/main.go:118.2,123.57 6 0
marketplace/backend/cmd/resetpwd/main.go:127.48,130.26 3 0
marketplace/backend/cmd/resetpwd/main.go:130.26,133.3 1 0
marketplace/backend/cmd/resetpwd/main.go:134.2,134.25 1 0
marketplace/backend/cmd/diagnose/main.go:13.13,21.16 5 0
marketplace/backend/cmd/diagnose/main.go:21.16,23.3 1 0
marketplace/backend/cmd/diagnose/main.go:24.2,52.16 9 0
marketplace/backend/cmd/diagnose/main.go:52.16,54.3 1 0
marketplace/backend/cmd/diagnose/main.go:55.2,62.28 8 0
marketplace/backend/cmd/diagnose/main.go:62.28,64.3 1 0
marketplace/backend/cmd/diagnose/main.go:65.2,71.37 5 0
marketplace/backend/cmd/diagnose/main.go:71.37,73.3 1 0
marketplace/backend/cmd/diagnose/main.go:74.2,80.16 5 0
marketplace/backend/cmd/diagnose/main.go:80.16,82.3 1 0
marketplace/backend/cmd/diagnose/main.go:83.2,89.16 5 0
marketplace/backend/cmd/diagnose/main.go:89.16,91.3 1 0
marketplace/backend/cmd/diagnose/main.go:91.8,93.3 1 0
marketplace/backend/cmd/diagnose/main.go:96.2,101.16 5 0
marketplace/backend/cmd/diagnose/main.go:101.16,103.3 1 0
marketplace/backend/cmd/diagnose/main.go:103.8,105.3 1 0
marketplace/backend/cmd/diagnose/main.go:107.2,110.16 4 0
marketplace/backend/cmd/diagnose/main.go:110.16,112.3 1 0
marketplace/backend/cmd/diagnose/main.go:112.8,114.3 1 0
marketplace/backend/cmd/diagnose/main.go:117.2,121.16 5 0
marketplace/backend/cmd/diagnose/main.go:121.16,123.3 1 0
marketplace/backend/cmd/diagnose/main.go:123.8,125.3 1 0
marketplace/backend/cmd/diagnose/main.go:127.2,128.42 2 0
marketplace/backend/cmd/diagnose/main.go:128.42,130.3 1 0
marketplace/backend/cmd/diagnose/main.go:130.8,132.3 1 0
marketplace/backend/cmd/diagnose/main.go:134.2,136.16 3 0
marketplace/backend/cmd/diagnose/main.go:136.16,138.3 1 0
marketplace/backend/cmd/diagnose/main.go:138.8,140.3 1 0
marketplace/backend/cmd/diagnose/main.go:143.2,162.55 20 0
marketplace/backend/internal/handler/admin.go:20.74,24.2 1 14
marketplace/backend/internal/handler/admin.go:37.50,39.48 2 2
marketplace/backend/internal/handler/admin.go:39.48,42.3 2 0
marketplace/backend/internal/handler/admin.go:44.2,45.16 2 2
marketplace/backend/internal/handler/admin.go:45.16,48.3 2 0
marketplace/backend/internal/handler/admin.go:50.2,50.29 1 2
marketplace/backend/internal/handler/admin.go:62.54,65.16 3 2
marketplace/backend/internal/handler/admin.go:65.16,68.3 2 0
marketplace/backend/internal/handler/admin.go:70.2,71.47 2 2
marketplace/backend/internal/handler/admin.go:71.47,74.3 2 0
marketplace/backend/internal/handler/admin.go:76.2,76.79 1 2
marketplace/backend/internal/handler/admin.go:76.79,77.35 1 1
marketplace/backend/internal/handler/admin.go:77.35,79.4 1 1
marketplace/backend/internal/handler/admin.go:79.9,81.4 1 0
marketplace/backend/internal/handler/admin.go:82.3,82.9 1 1
marketplace/backend/internal/handler/admin.go:85.2,85.26 1 1
marketplace/backend/internal/handler/admin.go:97.57,100.16 3 2
marketplace/backend/internal/handler/admin.go:100.16,103.3 2 0
marketplace/backend/internal/handler/admin.go:105.2,106.47 2 2
marketplace/backend/internal/handler/admin.go:106.47,109.3 2 0
marketplace/backend/internal/handler/admin.go:111.2,111.78 1 2
marketplace/backend/internal/handler/admin.go:111.78,112.35 1 1
marketplace/backend/internal/handler/admin.go:112.35,114.4 1 1
marketplace/backend/internal/handler/admin.go:114.9,116.4 1 0
marketplace/backend/internal/handler/admin.go:117.3,117.9 1 1
marketplace/backend/internal/handler/admin.go:121.2,122.16 2 1
marketplace/backend/internal/handler/admin.go:122.16,125.3 2 0
marketplace/backend/internal/handler/admin.go:127.2,127.27 1 1
marketplace/backend/internal/handler/admin.go:131.51,133.47 2 2
marketplace/backend/internal/handler/admin.go:133.47,136.3 2 1
marketplace/backend/internal/handler/admin.go:138.2,139.16 2 1
marketplace/backend/internal/handler/admin.go:139.16,142.3 2 0
marketplace/backend/internal/handler/admin.go:144.2,144.27 1 1
marketplace/backend/internal/handler/admin.go:148.51,151.16 3 3
marketplace/backend/internal/handler/admin.go:151.16,154.3 2 1
marketplace/backend/internal/handler/admin.go:156.2,157.47 2 2
marketplace/backend/internal/handler/admin.go:157.47,160.3 2 0
marketplace/backend/internal/handler/admin.go:162.2,163.16 2 2
marketplace/backend/internal/handler/admin.go:163.16,164.35 1 1
marketplace/backend/internal/handler/admin.go:164.35,166.4 1 1
marketplace/backend/internal/handler/admin.go:166.9,168.4 1 0
marketplace/backend/internal/handler/admin.go:169.3,169.9 1 1
marketplace/backend/internal/handler/admin.go:172.2,172.27 1 1
marketplace/backend/internal/handler/admin.go:182.51,185.16 3 3
marketplace/backend/internal/handler/admin.go:185.16,188.3 2 1
marketplace/backend/internal/handler/admin.go:190.2,190.66 1 2
marketplace/backend/internal/handler/admin.go:190.66,191.35 1 1
marketplace/backend/internal/handler/admin.go:191.35,193.4 1 1
marketplace/backend/internal/handler/admin.go:193.9,195.4 1 0
marketplace/backend/internal/handler/admin.go:196.3,196.9 1 1
marketplace/backend/internal/handler/admin.go:199.2,199.26 1 1
marketplace/backend/internal/handler/auth.go:22.110,27.2 1 3
marketplace/backend/internal/handler/auth.go:30.45,32.47 2 1
marketplace/backend/internal/handler/auth.go:32.47,35.3 2 0
marketplace/backend/internal/handler/auth.go:37.2,38.16 2 1
marketplace/backend/internal/handler/auth.go:38.16,40.14 2 0
marketplace/backend/internal/handler/auth.go:41.30,42.56 1 0
marketplace/backend/internal/handler/auth.go:43.39,44.56 1 0
marketplace/backend/internal/handler/auth.go:45.34,46.47 1 0
marketplace/backend/internal/handler/auth.go:47.11,48.45 1 0
marketplace/backend/internal/handler/auth.go:50.3,50.9 1 0
marketplace/backend/internal/handler/auth.go:53.2,53.29 1 1
marketplace/backend/internal/handler/auth.go:57.47,59.47 2 1
marketplace/backend/internal/handler/auth.go:59.47,62.3 2 0
marketplace/backend/internal/handler/auth.go:64.2,65.16 2 1
marketplace/backend/internal/handler/auth.go:65.16,68.3 2 0
marketplace/backend/internal/handler/auth.go:70.2,73.4 1 1
marketplace/backend/internal/handler/auth.go:77.46,80.70 2 0
marketplace/backend/internal/handler/auth.go:80.70,83.3 2 0
marketplace/backend/internal/handler/auth.go:85.2,85.55 1 0
marketplace/backend/internal/handler/auth.go:89.48,91.47 2 1
marketplace/backend/internal/handler/auth.go:91.47,94.3 2 0
marketplace/backend/internal/handler/auth.go:96.2,97.16 2 1
marketplace/backend/internal/handler/auth.go:97.16,100.3 2 0
marketplace/backend/internal/handler/auth.go:102.2,102.27 1 1
marketplace/backend/internal/handler/recharge.go:16.92,18.2 1 14
marketplace/backend/internal/handler/recharge.go:22.70,24.47 2 2
marketplace/backend/internal/handler/recharge.go:24.47,27.3 2 1
marketplace/backend/internal/handler/recharge.go:30.2,34.16 4 1
marketplace/backend/internal/handler/recharge.go:34.16,37.3 2 0
marketplace/backend/internal/handler/recharge.go:39.2,42.4 1 1
marketplace/backend/internal/handler/recharge.go:45.70,51.16 5 0
marketplace/backend/internal/handler/recharge.go:51.16,54.3 2 0
marketplace/backend/internal/handler/recharge.go:56.2,56.29 1 0
marketplace/backend/internal/handler/recharge.go:59.72,63.16 3 0
marketplace/backend/internal/handler/recharge.go:63.16,66.3 2 0
marketplace/backend/internal/handler/recharge.go:68.2,68.29 1 0
marketplace/backend/internal/handler/recharge.go:71.71,73.47 2 2
marketplace/backend/internal/handler/recharge.go:73.47,76.3 2 1
marketplace/backend/internal/handler/recharge.go:78.2,85.101 5 1
marketplace/backend/internal/handler/recharge.go:85.101,88.3 2 0
marketplace/backend/internal/handler/recharge.go:90.2,90.45 1 1
marketplace/backend/internal/handler/recharge.go:95.59,97.47 2 0
marketplace/backend/internal/handler/recharge.go:97.47,100.3 2 0
marketplace/backend/internal/handler/recharge.go:103.2,107.16 4 0
marketplace/backend/internal/handler/recharge.go:107.16,110.3 2 0
marketplace/backend/internal/handler/recharge.go:112.2,115.4 1 0
marketplace/backend/internal/handler/recharge.go:118.60,125.16 6 0
marketplace/backend/internal/handler/recharge.go:125.16,128.3 2 0
marketplace/backend/internal/handler/recharge.go:130.2,130.29 1 0
marketplace/backend/internal/handler/recharge.go:133.62,137.16 3 0
marketplace/backend/internal/handler/recharge.go:137.16,140.3 2 0
marketplace/backend/internal/handler/recharge.go:142.2,142.29 1 0
marketplace/backend/internal/handler/recharge.go:147.53,149.47 2 0
marketplace/backend/internal/handler/recharge.go:149.47,152.3 2 0
marketplace/backend/internal/handler/recharge.go:155.2,158.16 3 0
marketplace/backend/internal/handler/recharge.go:158.16,161.3 2 0
marketplace/backend/internal/handler/recharge.go:163.2,166.4 1 0
marketplace/backend/internal/handler/recharge.go:169.54,173.16 3 2
marketplace/backend/internal/handler/recharge.go:173.16,176.3 2 1
marketplace/backend/internal/handler/recharge.go:178.2,178.29 1 1
marketplace/backend/internal/handler/recharge.go:181.55,183.47 2 3
marketplace/backend/internal/handler/recharge.go:183.47,186.3 2 0
marketplace/backend/internal/handler/recharge.go:188.2,189.9 2 3
marketplace/backend/internal/handler/recharge.go:189.9,192.3 2 1
marketplace/backend/internal/handler/recharge.go:193.2,194.9 2 2
marketplace/backend/internal/handler/recharge.go:194.9,197.3 2 1
marketplace/backend/internal/handler/recharge.go:198.2,199.26 2 1
marketplace/backend/internal/handler/recharge.go:199.26,201.3 1 1
marketplace/backend/internal/handler/recharge.go:204.2,206.90 2 1
marketplace/backend/internal/handler/recharge.go:206.90,209.3 2 0
marketplace/backend/internal/handler/recharge.go:211.2,211.72 1 1
marketplace/backend/internal/handler/recharge.go:214.60,217.47 3 0
marketplace/backend/internal/handler/recharge.go:217.47,220.3 2 0
marketplace/backend/internal/handler/recharge.go:222.2,223.9 2 0
marketplace/backend/internal/handler/recharge.go:223.9,226.3 2 0
marketplace/backend/internal/handler/recharge.go:228.2,228.75 1 0
marketplace/backend/internal/handler/recharge.go:228.75,231.3 2 0
marketplace/backend/internal/handler/recharge.go:233.2,233.45 1 0
marketplace/backend/internal/handler/recharge.go:236.55,244.16 7 2
marketplace/backend/internal/handler/recharge.go:244.16,247.3 2 0
marketplace/backend/internal/handler/recharge.go:249.2,249.29 1 2
marketplace/backend/internal/handler/recharge.go:252.57,256.16 3 0
marketplace/backend/internal/handler/recharge.go:256.16,259.3 2 0
marketplace/backend/internal/handler/recharge.go:261.2,261.29 1 0
marketplace/backend/internal/handler/recharge.go:264.56,266.16 2 0
marketplace/backend/internal/handler/recharge.go:266.16,269.3 2 0
marketplace/backend/internal/handler/recharge.go:270.2,270.29 1 0
marketplace/backend/internal/handler/recharge.go:275.54,277.16 2 0
marketplace/backend/internal/handler/recharge.go:277.16,280.3 2 0
marketplace/backend/internal/handler/recharge.go:281.2,281.29 1 0
marketplace/backend/internal/handler/recharge.go:284.56,286.47 2 2
marketplace/backend/internal/handler/recharge.go:286.47,289.3 2 1
marketplace/backend/internal/handler/recharge.go:291.2,292.16 2 1
marketplace/backend/internal/handler/recharge.go:292.16,295.3 2 0
marketplace/backend/internal/handler/recharge.go:297.2,297.56 1 1
marketplace/backend/internal/handler/recharge.go:300.56,303.47 3 0
marketplace/backend/internal/handler/recharge.go:303.47,306.3 2 0
marketplace/backend/internal/handler/recharge.go:308.2,309.16 2 0
marketplace/backend/internal/handler/recharge.go:309.16,312.3 2 0
marketplace/backend/internal/handler/recharge.go:314.2,314.56 1 0
marketplace/backend/internal/handler/recharge.go:317.56,320.59 2 0
marketplace/backend/internal/handler/recharge.go:320.59,323.3 2 0
marketplace/backend/internal/handler/recharge.go:325.2,325.72 1 0
marketplace/backend/internal/handler/recharge.go:330.56,332.16 2 0
marketplace/backend/internal/handler/recharge.go:332.16,335.3 2 0
marketplace/backend/internal/handler/recharge.go:336.2,336.29 1 0
marketplace/backend/internal/handler/recharge.go:339.58,341.47 2 0
marketplace/backend/internal/handler/recharge.go:341.47,344.3 2 0
marketplace/backend/internal/handler/recharge.go:346.2,347.16 2 0
marketplace/backend/internal/handler/recharge.go:347.16,350.3 2 0
marketplace/backend/internal/handler/recharge.go:352.2,352.56 1 0
marketplace/backend/internal/handler/recharge.go:355.58,358.47 3 0
marketplace/backend/internal/handler/recharge.go:358.47,361.3 2 0
marketplace/backend/internal/handler/recharge.go:363.2,364.16 2 0
marketplace/backend/internal/handler/recharge.go:364.16,367.3 2 0
marketplace/backend/internal/handler/recharge.go:369.2,369.56 1 0
marketplace/backend/internal/handler/recharge.go:372.58,375.61 2 0
marketplace/backend/internal/handler/recharge.go:375.61,378.3 2 0
marketplace/backend/internal/handler/recharge.go:380.2,380.72 1 0
marketplace/backend/internal/handler/recharge.go:385.66,393.2 1 1
marketplace/backend/internal/handler/recharge.go:395.61,407.2 1 0
marketplace/backend/internal/handler/recharge.go:409.70,416.2 2 0
marketplace/backend/internal/handler/user.go:20.72,22.2 1 3
marketplace/backend/internal/handler/user.go:25.51,29.16 3 0
marketplace/backend/internal/handler/user.go:29.16,32.3 2 0
marketplace/backend/internal/handler/user.go:34.2,34.27 1 0
marketplace/backend/internal/handler/user.go:38.54,42.47 3 1
marketplace/backend/internal/handler/user.go:42.47,45.3 2 0
marketplace/backend/internal/handler/user.go:47.2,48.16 2 1
marketplace/backend/internal/handler/user.go:48.16,51.3 2 0
marketplace/backend/internal/handler/user.go:53.2,53.27 1 1
marketplace/backend/internal/handler/user.go:57.51,60.16 3 1
marketplace/backend/internal/handler/user.go:60.16,63.3 2 0
marketplace/backend/internal/handler/user.go:65.2,66.16 2 1
marketplace/backend/internal/handler/user.go:66.16,69.3 2 0
marketplace/backend/internal/handler/user.go:71.2,71.27 1 1
marketplace/backend/internal/handler/user.go:75.49,79.14 3 2
marketplace/backend/internal/handler/user.go:79.14,81.3 1 0
marketplace/backend/internal/handler/user.go:82.2,82.36 1 2
marketplace/backend/internal/handler/user.go:82.36,84.3 1 0
marketplace/backend/internal/handler/user.go:86.2,87.16 2 2
marketplace/backend/internal/handler/user.go:87.16,90.3 2 0
marketplace/backend/internal/handler/user.go:92.2,97.4 1 2
marketplace/backend/internal/handler/user.go:101.54,105.47 3 0
marketplace/backend/internal/handler/user.go:105.47,108.3 2 0
marketplace/backend/internal/handler/user.go:111.2,112.16 2 0
marketplace/backend/internal/handler/user.go:112.16,115.3 2 0
marketplace/backend/internal/handler/user.go:119.2,120.16 2 0
marketplace/backend/internal/handler/user.go:120.16,123.3 2 0
marketplace/backend/internal/handler/user.go:125.2,125.95 1 0
marketplace/backend/internal/handler/user.go:125.95,128.3 2 0
marketplace/backend/internal/handler/user.go:130.2,130.26 1 0
marketplace/backend/internal/middleware/auth.go:19.58,21.2 1 7
marketplace/backend/internal/middleware/auth.go:24.49,25.30 1 7
marketplace/backend/internal/middleware/auth.go:25.30,28.23 2 7
marketplace/backend/internal/middleware/auth.go:28.23,32.4 3 1
marketplace/backend/internal/middleware/auth.go:35.3,36.46 2 6
marketplace/backend/internal/middleware/auth.go:36.46,40.4 3 2
marketplace/backend/internal/middleware/auth.go:42.3,46.102 3 4
marketplace/backend/internal/middleware/auth.go:46.102,48.4 1 3
marketplace/backend/internal/middleware/auth.go:50.3,50.33 1 4
marketplace/backend/internal/middleware/auth.go:50.33,54.4 3 3
marketplace/backend/internal/middleware/auth.go:57.3,61.11 4 1
marketplace/backend/internal/middleware/auth.go:66.51,67.30 1 3
marketplace/backend/internal/middleware/auth.go:67.30,69.14 2 3
marketplace/backend/internal/middleware/auth.go:69.14,73.4 3 1
marketplace/backend/internal/middleware/auth.go:75.3,76.27 2 2
marketplace/backend/internal/middleware/auth.go:76.27,77.17 1 3
marketplace/backend/internal/middleware/auth.go:77.17,80.5 2 1
marketplace/backend/internal/middleware/auth.go:83.3,84.12 2 1
marketplace/backend/internal/middleware/auth.go:89.38,92.2 2 1
marketplace/backend/internal/middleware/auth.go:95.38,98.2 2 1
marketplace/backend/internal/middleware/auth.go:101.37,104.2 2 1
marketplace/backend/internal/middleware/cors.go:10.29,11.30 1 3
marketplace/backend/internal/middleware/cors.go:11.30,19.45 7 3
marketplace/backend/internal/middleware/cors.go:19.45,22.4 2 1
marketplace/backend/internal/middleware/cors.go:24.3,24.11 1 2
marketplace/backend/internal/middleware/logger.go:13.34,14.30 1 0
marketplace/backend/internal/middleware/logger.go:14.30,24.31 7 0
marketplace/backend/internal/middleware/logger.go:24.31,34.4 1 0
marketplace/backend/internal/middleware/logger.go:34.9,34.38 1 0
marketplace/backend/internal/middleware/logger.go:34.38,43.4 1 0
marketplace/backend/internal/middleware/logger.go:43.9,52.4 1 0
marketplace/backend/internal/middleware/rbac.go:18.71,20.2 1 0
marketplace/backend/internal/middleware/rbac.go:24.49,25.30 1 0
marketplace/backend/internal/middleware/rbac.go:25.30,28.14 2 0
marketplace/backend/internal/middleware/rbac.go:28.14,32.4 3 0
marketplace/backend/internal/middleware/rbac.go:35.3,40.37 4 0
marketplace/backend/internal/middleware/rbac.go:40.37,43.4 2 0
marketplace/backend/internal/middleware/rbac.go:46.3,47.17 2 0
marketplace/backend/internal/middleware/rbac.go:47.17,51.4 3 0
marketplace/backend/internal/middleware/rbac.go:54.3,54.22 1 0
marketplace/backend/internal/middleware/rbac.go:54.22,58.4 3 0
marketplace/backend/internal/middleware/rbac.go:61.3,62.27 2 0
marketplace/backend/internal/middleware/rbac.go:62.27,64.18 2 0
marketplace/backend/internal/middleware/rbac.go:64.18,65.13 1 0
marketplace/backend/internal/middleware/rbac.go:67.4,67.10 1 0
marketplace/backend/internal/middleware/rbac.go:67.10,69.10 2 0
marketplace/backend/internal/middleware/rbac.go:73.3,73.21 1 0
marketplace/backend/internal/middleware/rbac.go:73.21,77.4 3 0
marketplace/backend/internal/middleware/rbac.go:79.3,79.11 1 0
marketplace/backend/internal/middleware/rbac.go:84.52,85.30 1 0
marketplace/backend/internal/middleware/rbac.go:85.30,87.14 2 0
marketplace/backend/internal/middleware/rbac.go:87.14,91.4 3 0
marketplace/backend/internal/middleware/rbac.go:93.3,93.27 1 0
marketplace/backend/internal/middleware/rbac.go:93.27,94.30 1 0
marketplace/backend/internal/middleware/rbac.go:94.30,97.5 2 0
marketplace/backend/internal/middleware/rbac.go:100.3,102.9 3 0
marketplace/backend/internal/middleware/rbac.go:107.46,108.28 1 0
marketplace/backend/internal/middleware/rbac.go:109.13,110.30 1 0
marketplace/backend/internal/middleware/rbac.go:111.11,112.30 1 0
marketplace/backend/internal/middleware/rbac.go:113.14,114.11 1 0
marketplace/backend/internal/middleware/rbac.go:115.10,116.12 1 0
marketplace/backend/internal/middleware/rbac.go:121.36,122.14 1 0
marketplace/backend/internal/middleware/rbac.go:123.15,124.11 1 0
marketplace/backend/internal/middleware/rbac.go:125.18,126.11 1 0
marketplace/backend/internal/middleware/rbac.go:127.14,128.11 1 0
marketplace/backend/internal/middleware/rbac.go:129.10,130.12 1 0
marketplace/backend/internal/middleware/rbac.go:135.36,136.14 1 0
marketplace/backend/internal/middleware/rbac.go:137.9,138.17 1 0
marketplace/backend/internal/middleware/rbac.go:139.9,140.20 1 0
marketplace/backend/internal/middleware/rbac.go:141.9,142.16 1 0
marketplace/backend/internal/middleware/rbac.go:143.10,144.19 1 0
marketplace/backend/internal/middleware/recovery.go:14.33,15.30 1 4
marketplace/backend/internal/middleware/recovery.go:15.30,16.16 1 5
marketplace/backend/internal/middleware/recovery.go:16.16,17.36 1 5
marketplace/backend/internal/middleware/recovery.go:17.36,36.5 4 3
marketplace/backend/internal/middleware/recovery.go:39.3,39.11 1 5
marketplace/backend/internal/repository/gorm.go:14.62,19.16 3 0
marketplace/backend/internal/repository/gorm.go:19.16,21.3 1 0
marketplace/backend/internal/repository/gorm.go:23.2,24.16 2 0
marketplace/backend/internal/repository/gorm.go:24.16,26.3 1 0
marketplace/backend/internal/repository/gorm.go:28.2,32.37 4 0
marketplace/backend/internal/repository/gorm.go:32.37,34.3 1 0
marketplace/backend/internal/repository/gorm.go:36.2,36.16 1 0
marketplace/backend/internal/repository/recharge.go:43.61,45.2 1 6
marketplace/backend/internal/repository/recharge.go:50.94,52.2 1 4
marketplace/backend/internal/repository/recharge.go:55.133,60.18 4 3
marketplace/backend/internal/repository/recharge.go:60.18,62.3 1 2
marketplace/backend/internal/repository/recharge.go:64.2,69.25 4 3
marketplace/backend/internal/repository/recharge.go:73.104,77.2 3 2
marketplace/backend/internal/repository/recharge.go:80.107,84.22 2 1
marketplace/backend/internal/repository/recharge.go:84.22,86.3 1 1
marketplace/backend/internal/repository/recharge.go:87.2,87.18 1 1
marketplace/backend/internal/repository/recharge.go:87.18,89.3 1 1
marketplace/backend/internal/repository/recharge.go:91.2,94.92 3 1
marketplace/backend/internal/repository/recharge.go:100.79,102.2 1 3
marketplace/backend/internal/repository/recharge.go:105.131,110.23 4 3
marketplace/backend/internal/repository/recharge.go:110.23,112.3 1 1
marketplace/backend/internal/repository/recharge.go:113.2,113.20 1 3
marketplace/backend/internal/repository/recharge.go:113.20,115.3 1 1
marketplace/backend/internal/repository/recharge.go:117.2,122.25 4 3
marketplace/backend/internal/repository/recharge.go:126.84,130.2 3 1
marketplace/backend/internal/repository/recharge.go:135.70,137.2 1 9
marketplace/backend/internal/repository/recharge.go:140.132,145.18 4 2
marketplace/backend/internal/repository/recharge.go:145.18,147.3 1 2
marketplace/backend/internal/repository/recharge.go:148.2,148.18 1 2
marketplace/backend/internal/repository/recharge.go:148.18,150.3 1 0
marketplace/backend/internal/repository/recharge.go:151.2,151.23 1 2
marketplace/backend/internal/repository/recharge.go:151.23,153.3 1 0
marketplace/backend/internal/repository/recharge.go:155.2,160.25 4 2
marketplace/backend/internal/repository/recharge.go:164.87,168.2 3 3
marketplace/backend/internal/repository/recharge.go:171.86,173.2 1 1
marketplace/backend/internal/repository/recharge.go:176.76,178.2 1 1
marketplace/backend/internal/repository/recharge.go:181.94,183.2 1 2
marketplace/backend/internal/repository/recharge.go:186.98,190.2 3 1
marketplace/backend/internal/repository/recharge.go:193.71,224.2 17 1
marketplace/backend/internal/repository/recharge.go:229.75,233.2 3 1
marketplace/backend/internal/repository/recharge.go:236.79,238.2 1 4
marketplace/backend/internal/repository/recharge.go:241.79,243.2 1 1
marketplace/backend/internal/repository/recharge.go:246.60,248.2 1 1
marketplace/backend/internal/repository/recharge.go:253.79,257.2 3 1
marketplace/backend/internal/repository/recharge.go:260.85,262.2 1 3
marketplace/backend/internal/repository/recharge.go:265.85,267.2 1 1
marketplace/backend/internal/repository/recharge.go:270.62,272.2 1 1
marketplace/backend/internal/repository/recharge.go:275.102,279.2 3 0
marketplace/backend/internal/repository/redis.go:14.63,26.47 4 0
marketplace/backend/internal/repository/redis.go:26.47,28.3 1 0
marketplace/backend/internal/repository/redis.go:30.2,30.20 1 0
marketplace/backend/internal/repository/redis.go:40.98,43.2 2 0
marketplace/backend/internal/repository/redis.go:46.109,49.22 3 0
marketplace/backend/internal/repository/redis.go:49.22,51.3 1 0
marketplace/backend/internal/repository/redis.go:52.2,52.16 1 0
marketplace/backend/internal/repository/redis.go:52.16,54.3 1 0
marketplace/backend/internal/repository/redis.go:55.2,55.29 1 0
marketplace/backend/internal/repository/redis.go:59.85,62.2 2 0
marketplace/backend/internal/repository/user.go:16.58,18.16 2 0
marketplace/backend/internal/repository/user.go:18.16,20.3 1 0
marketplace/backend/internal/repository/user.go:22.2,26.34 4 0
marketplace/backend/internal/repository/user.go:26.34,28.3 1 0
marketplace/backend/internal/repository/user.go:30.2,30.16 1 0
marketplace/backend/internal/repository/user.go:54.53,56.2 1 1
marketplace/backend/internal/repository/user.go:59.86,64.62 3 3
marketplace/backend/internal/repository/user.go:64.62,66.3 1 0
marketplace/backend/internal/repository/user.go:67.2,67.18 1 3
marketplace/backend/internal/repository/user.go:71.93,76.65 3 2
marketplace/backend/internal/repository/user.go:76.65,78.3 1 1
marketplace/backend/internal/repository/user.go:79.2,79.18 1 1
marketplace/backend/internal/repository/user.go:83.87,90.16 4 9
marketplace/backend/internal/repository/user.go:90.16,92.3 1 0
marketplace/backend/internal/repository/user.go:93.2,93.30 1 9
marketplace/backend/internal/repository/user.go:97.78,102.2 3 1
marketplace/backend/internal/repository/user.go:105.95,109.2 3 1
marketplace/backend/internal/repository/user.go:112.95,116.2 3 0
marketplace/backend/internal/repository/user.go:119.102,124.65 4 1
marketplace/backend/internal/repository/user.go:124.65,126.3 1 0
marketplace/backend/internal/repository/user.go:128.2,134.81 3 1
marketplace/backend/internal/repository/user.go:134.81,136.3 1 0
marketplace/backend/internal/repository/user.go:138.2,138.26 1 1
marketplace/backend/internal/repository/user.go:142.149,150.19 5 0
marketplace/backend/internal/repository/user.go:150.19,153.3 2 0
marketplace/backend/internal/repository/user.go:155.2,155.16 1 0
marketplace/backend/internal/repository/user.go:155.16,158.3 2 0
marketplace/backend/internal/repository/user.go:160.2,160.19 1 0
marketplace/backend/internal/repository/user.go:160.19,163.3 2 0
marketplace/backend/internal/repository/user.go:166.2,167.74 2 0
marketplace/backend/internal/repository/user.go:167.74,169.3 1 0
marketplace/backend/internal/repository/user.go:172.2,180.72 4 0
marketplace/backend/internal/repository/user.go:180.72,182.3 1 0
marketplace/backend/internal/repository/user.go:184.2,184.26 1 0
marketplace/backend/internal/repository/user.go:188.70,192.2 3 1
marketplace/backend/internal/repository/user.go:195.89,199.2 3 1
marketplace/backend/internal/service/auth.go:36.123,44.2 1 5
marketplace/backend/internal/service/auth.go:47.71,61.2 3 4
marketplace/backend/internal/service/auth.go:64.78,78.2 3 1
marketplace/backend/internal/service/auth.go:81.71,82.104 1 6
marketplace/backend/internal/service/auth.go:82.104,83.58 1 5
marketplace/backend/internal/service/auth.go:83.58,85.4 1 0
marketplace/backend/internal/service/auth.go:86.3,86.26 1 5
marketplace/backend/internal/service/auth.go:89.2,89.16 1 6
marketplace/backend/internal/service/auth.go:89.16,91.3 1 2
marketplace/backend/internal/service/auth.go:93.2,93.61 1 4
marketplace/backend/internal/service/auth.go:93.61,95.3 1 4
marketplace/backend/internal/service/auth.go:97.2,97.39 1 0
marketplace/backend/internal/service/auth.go:101.96,103.2 1 0
marketplace/backend/internal/service/auth.go:106.107,108.2 1 0
marketplace/backend/internal/service/auth.go:111.83,113.2 1 0
marketplace/backend/internal/service/auth.go:116.104,119.16 2 2
marketplace/backend/internal/service/auth.go:119.16,121.3 1 1
marketplace/backend/internal/service/auth.go:124.2,124.43 1 1
marketplace/backend/internal/service/auth.go:124.43,126.3 1 1
marketplace/backend/internal/service/auth.go:129.2,129.95 1 0
marketplace/backend/internal/service/auth.go:129.95,131.3 1 0
marketplace/backend/internal/service/auth.go:134.2,135.16 2 0
marketplace/backend/internal/service/auth.go:135.16,137.3 1 0
marketplace/backend/internal/service/auth.go:139.2,140.16 2 0
marketplace/backend/internal/service/auth.go:140.16,142.3 1 0
marketplace/backend/internal/service/auth.go:145.2,145.72 1 0
marketplace/backend/internal/service/auth.go:145.72,147.3 1 0
marketplace/backend/internal/service/auth.go:149.2,153.8 1 0
marketplace/backend/internal/service/auth.go:157.102,160.16 2 0
marketplace/backend/internal/service/auth.go:160.16,162.3 1 0
marketplace/backend/internal/service/auth.go:165.2,166.16 2 0
marketplace/backend/internal/service/auth.go:166.16,168.3 1 0
marketplace/backend/internal/service/auth.go:169.2,169.12 1 0
marketplace/backend/internal/service/auth.go:169.12,171.3 1 0
marketplace/backend/internal/service/auth.go:174.2,175.16 2 0
marketplace/backend/internal/service/auth.go:175.16,177.3 1 0
marketplace/backend/internal/service/auth.go:180.2,181.16 2 0
marketplace/backend/internal/service/auth.go:181.16,183.3 1 0
marketplace/backend/internal/service/auth.go:185.2,186.16 2 0
marketplace/backend/internal/service/auth.go:186.16,188.3 1 0
marketplace/backend/internal/service/auth.go:191.2,191.75 1 0
marketplace/backend/internal/service/auth.go:191.75,193.3 1 0
marketplace/backend/internal/service/auth.go:195.2,195.45 1 0
marketplace/backend/internal/service/auth.go:199.71,201.2 1 0
marketplace/backend/internal/service/auth.go:204.52,206.16 2 4
marketplace/backend/internal/service/auth.go:206.16,208.3 1 0
marketplace/backend/internal/service/auth.go:209.2,209.26 1 4
marketplace/backend/internal/service/recharge.go:18.89,20.2 1 23
marketplace/backend/internal/service/recharge.go:27.105,30.36 3 6
marketplace/backend/internal/service/recharge.go:30.36,32.3 1 3
marketplace/backend/internal/service/recharge.go:32.8,34.3 1 3
marketplace/backend/internal/service/recharge.go:35.2,37.46 3 6
marketplace/backend/internal/service/recharge.go:41.119,65.70 5 2
marketplace/backend/internal/service/recharge.go:65.70,67.3 1 1
marketplace/backend/internal/service/recharge.go:69.2,69.17 1 1
marketplace/backend/internal/service/recharge.go:73.121,75.16 2 0
marketplace/backend/internal/service/recharge.go:75.16,77.3 1 0
marketplace/backend/internal/service/recharge.go:79.2,82.8 1 0
marketplace/backend/internal/service/recharge.go:86.103,88.16 2 0
marketplace/backend/internal/service/recharge.go:88.16,90.3 1 0
marketplace/backend/internal/service/recharge.go:91.2,91.17 1 0
marketplace/backend/internal/service/recharge.go:95.99,97.16 2 4
marketplace/backend/internal/service/recharge.go:97.16,99.3 1 1
marketplace/backend/internal/service/recharge.go:101.2,102.25 2 3
marketplace/backend/internal/service/recharge.go:102.25,105.3 1 1
marketplace/backend/internal/service/recharge.go:105.8,105.31 1 2
marketplace/backend/internal/service/recharge.go:105.31,107.3 1 1
marketplace/backend/internal/service/recharge.go:107.8,109.3 1 1
marketplace/backend/internal/service/recharge.go:111.2,111.87 1 2
marketplace/backend/internal/service/recharge.go:117.98,142.65 5 0
marketplace/backend/internal/service/recharge.go:142.65,144.3 1 0
marketplace/backend/internal/service/recharge.go:146.2,146.22 1 0
marketplace/backend/internal/service/recharge.go:150.126,152.16 2 0
marketplace/backend/internal/service/recharge.go:152.16,154.3 1 0
marketplace/backend/internal/service/recharge.go:156.2,159.8 1 0
marketplace/backend/internal/service/recharge.go:163.83,165.16 2 0
marketplace/backend/internal/service/recharge.go:165.16,167.3 1 0
marketplace/backend/internal/service/recharge.go:168.2,168.22 1 0
marketplace/backend/internal/service/recharge.go:174.92,196.56 5 2
marketplace/backend/internal/service/recharge.go:196.56,198.3 1 1
marketplace/backend/internal/service/recharge.go:201.2,212.18 3 1
marketplace/backend/internal/service/recharge.go:216.51,222.2 3 2
marketplace/backend/internal/service/recharge.go:225.79,227.16 2 4
marketplace/backend/internal/service/recharge.go:227.16,229.3 1 1
marketplace/backend/internal/service/recharge.go:231.2,231.29 1 3
marketplace/backend/internal/service/recharge.go:231.29,233.3 1 1
marketplace/backend/internal/service/recharge.go:236.2,236.39 1 2
marketplace/backend/internal/service/recharge.go:236.39,238.3 1 1
marketplace/backend/internal/service/recharge.go:240.2,240.18 1 1
marketplace/backend/internal/service/recharge.go:244.103,246.16 2 5
marketplace/backend/internal/service/recharge.go:246.16,248.3 1 1
marketplace/backend/internal/service/recharge.go:251.2,251.29 1 4
marketplace/backend/internal/service/recharge.go:251.29,253.3 1 1
marketplace/backend/internal/service/recharge.go:256.2,256.27 1 3
marketplace/backend/internal/service/recharge.go:256.27,258.3 1 1
marketplace/backend/internal/service/recharge.go:261.2,262.77 2 2
marketplace/backend/internal/service/recharge.go:262.77,264.3 1 1
marketplace/backend/internal/service/recharge.go:267.2,277.58 2 1
marketplace/backend/internal/service/recharge.go:281.127,283.16 2 0
marketplace/backend/internal/service/recharge.go:283.16,285.3 1 0
marketplace/backend/internal/service/recharge.go:287.2,290.8 1 0
marketplace/backend/internal/service/recharge.go:294.88,296.16 2 0
marketplace/backend/internal/service/recharge.go:296.16,298.3 1 0
marketplace/backend/internal/service/recharge.go:300.2,301.16 2 0
marketplace/backend/internal/service/recharge.go:301.16,303.3 1 0
marketplace/backend/internal/service/recharge.go:305.2,308.8 1 0
marketplace/backend/internal/service/recharge.go:312.74,314.16 2 0
marketplace/backend/internal/service/recharge.go:314.16,316.3 1 0
marketplace/backend/internal/service/recharge.go:319.2,320.26 2 0
marketplace/backend/internal/service/recharge.go:320.26,322.3 1 0
marketplace/backend/internal/service/recharge.go:326.2,329.20 3 0
marketplace/backend/internal/service/recharge.go:335.72,337.2 1 0
marketplace/backend/internal/service/recharge.go:340.100,350.60 2 2
marketplace/backend/internal/service/recharge.go:350.60,352.3 1 1
marketplace/backend/internal/service/recharge.go:354.2,354.20 1 1
marketplace/backend/internal/service/recharge.go:358.111,368.60 2 0
marketplace/backend/internal/service/recharge.go:368.60,370.3 1 0
marketplace/backend/internal/service/recharge.go:372.2,372.20 1 0
marketplace/backend/internal/service/recharge.go:376.57,378.2 1 0
marketplace/backend/internal/service/recharge.go:383.76,385.2 1 0
marketplace/backend/internal/service/recharge.go:388.104,399.64 2 2
marketplace/backend/internal/service/recharge.go:399.64,401.3 1 1
marketplace/backend/internal/service/recharge.go:403.2,403.22 1 1
marketplace/backend/internal/service/recharge.go:407.115,418.60 2 0
marketplace/backend/internal/service/recharge.go:418.60,420.3 1 0
marketplace/backend/internal/service/recharge.go:422.2,422.64 1 0
marketplace/backend/internal/service/recharge.go:422.64,424.3 1 0
marketplace/backend/internal/service/recharge.go:426.2,426.22 1 0
marketplace/backend/internal/service/recharge.go:430.73,432.2 1 1
marketplace/backend/internal/service/recharge.go:435.59,437.2 1 0
marketplace/backend/internal/service/user.go:17.73,19.2 1 6
marketplace/backend/internal/service/user.go:22.83,24.16 2 2
marketplace/backend/internal/service/user.go:24.16,26.3 1 1
marketplace/backend/internal/service/user.go:27.2,27.18 1 1
marketplace/backend/internal/service/user.go:31.90,33.16 2 2
marketplace/backend/internal/service/user.go:33.16,35.3 1 1
marketplace/backend/internal/service/user.go:36.2,36.18 1 1
marketplace/backend/internal/service/user.go:40.102,43.16 2 1
marketplace/backend/internal/service/user.go:43.16,45.3 1 0
marketplace/backend/internal/service/user.go:47.2,57.16 3 1
marketplace/backend/internal/service/user.go:57.16,59.3 1 0
marketplace/backend/internal/service/user.go:61.2,62.18 2 1
marketplace/backend/internal/service/user.go:66.112,68.16 2 2
marketplace/backend/internal/service/user.go:68.16,70.3 1 1
marketplace/backend/internal/service/user.go:72.2,72.21 1 1
marketplace/backend/internal/service/user.go:72.21,74.3 1 1
marketplace/backend/internal/service/user.go:75.2,75.22 1 1
marketplace/backend/internal/service/user.go:75.22,77.3 1 0
marketplace/backend/internal/service/user.go:78.2,78.21 1 1
marketplace/backend/internal/service/user.go:78.21,80.3 1 0
marketplace/backend/internal/service/user.go:81.2,81.25 1 1
marketplace/backend/internal/service/user.go:81.25,83.3 1 0
marketplace/backend/internal/service/user.go:84.2,84.27 1 1
marketplace/backend/internal/service/user.go:84.27,86.3 1 0
marketplace/backend/internal/service/user.go:88.2,88.53 1 1
marketplace/backend/internal/service/user.go:88.53,90.3 1 0
marketplace/backend/internal/service/user.go:92.2,92.18 1 1
marketplace/backend/internal/service/user.go:96.99,98.2 1 1
marketplace/backend/internal/service/user.go:101.123,104.15 2 0
marketplace/backend/internal/service/user.go:104.15,106.3 1 0
marketplace/backend/internal/service/user.go:108.2,109.19 2 0
marketplace/backend/internal/service/user.go:109.19,111.3 1 0
marketplace/backend/internal/service/user.go:113.2,114.16 2 0
marketplace/backend/internal/service/user.go:114.16,116.3 1 0
marketplace/backend/internal/service/user.go:118.2,123.8 1 0
marketplace/backend/internal/service/user.go:127.107,130.16 2 0
marketplace/backend/internal/service/user.go:130.16,132.3 1 0
marketplace/backend/internal/service/user.go:135.2,136.16 2 0
marketplace/backend/internal/service/user.go:136.16,138.3 1 0
marketplace/backend/internal/service/user.go:141.2,141.64 1 0
marketplace/backend/internal/service/user.go:145.109,148.16 2 0
marketplace/backend/internal/service/user.go:148.16,150.3 1 0
marketplace/backend/internal/service/user.go:153.2,153.58 1 0
marketplace/backend/internal/service/user.go:157.67,160.16 2 2
marketplace/backend/internal/service/user.go:160.16,162.3 1 1
marketplace/backend/internal/service/user.go:165.2,165.35 1 1
marketplace/backend/internal/service/user.go:169.98,171.2 1 0
marketplace/backend/cmd/testdb/main.go:12.13,17.16 3 0
marketplace/backend/cmd/testdb/main.go:17.16,19.3 1 0
marketplace/backend/cmd/testdb/main.go:20.2,39.32 10 0
marketplace/backend/cmd/testdb/main.go:39.32,41.3 1 0
marketplace/backend/cmd/testdb/main.go:41.8,43.3 1 0
marketplace/backend/internal/config/config.go:39.39,42.11 2 0
marketplace/backend/internal/config/config.go:42.11,44.3 1 0
marketplace/backend/internal/config/config.go:45.2,45.12 1 0
marketplace/backend/internal/config/config.go:71.41,80.45 6 0
marketplace/backend/internal/config/config.go:80.45,82.3 1 0
marketplace/backend/internal/config/config.go:84.2,85.45 2 0
marketplace/backend/internal/config/config.go:85.45,87.3 1 0
marketplace/backend/internal/config/config.go:89.2,89.17 1 0
marketplace/backend/cmd/server/main.go:25.13,28.16 2 0
marketplace/backend/cmd/server/main.go:28.16,29.52 1 0
marketplace/backend/cmd/server/main.go:33.2,38.44 2 0
marketplace/backend/cmd/server/main.go:38.44,39.52 1 0
marketplace/backend/cmd/server/main.go:41.2,46.16 4 0
marketplace/backend/cmd/server/main.go:46.16,48.3 1 0
marketplace/backend/cmd/server/main.go:49.2,53.16 3 0
marketplace/backend/cmd/server/main.go:53.16,55.3 1 0
marketplace/backend/cmd/server/main.go:56.2,60.16 3 0
marketplace/backend/cmd/server/main.go:60.16,62.3 1 0
marketplace/backend/cmd/server/main.go:63.2,67.16 3 0
marketplace/backend/cmd/server/main.go:67.16,69.3 1 0
marketplace/backend/cmd/server/main.go:70.2,92.34 13 0
marketplace/backend/cmd/server/main.go:92.34,94.3 1 0
marketplace/backend/cmd/server/main.go:97.2,117.12 7 0
marketplace/backend/cmd/server/main.go:117.12,119.77 2 0
marketplace/backend/cmd/server/main.go:119.77,121.4 1 0
marketplace/backend/cmd/server/main.go:125.2,133.42 7 0
marketplace/backend/cmd/server/main.go:133.42,135.3 1 0
marketplace/backend/cmd/server/main.go:138.2,146.27 5 0
marketplace/backend/cmd/testlogin/main.go:13.13,17.16 3 0
marketplace/backend/cmd/testlogin/main.go:17.16,19.3 1 0
marketplace/backend/cmd/testlogin/main.go:22.2,35.16 6 0
marketplace/backend/cmd/testlogin/main.go:35.16,37.3 1 0
marketplace/backend/cmd/testlogin/main.go:39.2,45.16 4 0
marketplace/backend/cmd/testlogin/main.go:45.16,47.3 1 0
marketplace/backend/cmd/testlogin/main.go:47.8,49.3 1 0
marketplace/backend/internal/model/user.go:27.32,29.2 1 0
marketplace/backend/internal/rbac/casbin.go:25.91,30.16 2 0
marketplace/backend/internal/rbac/casbin.go:30.16,32.3 1 0
marketplace/backend/internal/rbac/casbin.go:34.2,35.16 2 0
marketplace/backend/internal/rbac/casbin.go:35.16,37.3 1 0
marketplace/backend/internal/rbac/casbin.go:39.2,40.16 2 0
marketplace/backend/internal/rbac/casbin.go:40.16,42.3 1 0
marketplace/backend/internal/rbac/casbin.go:44.2,44.39 1 0
marketplace/backend/internal/rbac/casbin.go:44.39,46.3 1 0
marketplace/backend/internal/rbac/casbin.go:48.2,53.17 2 0
marketplace/backend/internal/rbac/casbin.go:57.88,61.2 3 0
marketplace/backend/internal/rbac/casbin.go:64.63,68.16 4 0
marketplace/backend/internal/rbac/casbin.go:68.16,70.3 1 0
marketplace/backend/internal/rbac/casbin.go:71.2,71.32 1 0
marketplace/backend/internal/rbac/casbin.go:75.66,79.16 4 0
marketplace/backend/internal/rbac/casbin.go:79.16,81.3 1 0
marketplace/backend/internal/rbac/casbin.go:82.2,82.32 1 0
marketplace/backend/internal/rbac/casbin.go:86.67,90.16 4 0
marketplace/backend/internal/rbac/casbin.go:90.16,92.3 1 0
marketplace/backend/internal/rbac/casbin.go:93.2,93.32 1 0
marketplace/backend/internal/rbac/casbin.go:97.70,101.16 4 0
marketplace/backend/internal/rbac/casbin.go:101.16,103.3 1 0
marketplace/backend/internal/rbac/casbin.go:104.2,104.32 1 0
marketplace/backend/internal/rbac/casbin.go:108.74,112.2 3 0
marketplace/backend/internal/rbac/casbin.go:115.82,119.2 3 0
marketplace/backend/internal/rbac/casbin.go:122.65,126.16 4 0
marketplace/backend/internal/rbac/casbin.go:126.16,128.3 1 0
marketplace/backend/internal/rbac/casbin.go:129.2,129.32 1 0
marketplace/backend/internal/rbac/casbin.go:133.70,135.53 1 0
marketplace/backend/internal/rbac/casbin.go:135.53,137.3 1 0
marketplace/backend/internal/rbac/casbin.go:139.2,139.42 1 0
marketplace/backend/internal/rbac/casbin.go:143.78,152.16 5 0
marketplace/backend/internal/rbac/casbin.go:152.16,154.3 1 0
marketplace/backend/internal/rbac/casbin.go:155.2,155.8 1 0
marketplace/backend/internal/rbac/casbin.go:155.8,157.3 1 0
marketplace/backend/internal/rbac/casbin.go:160.2,161.16 2 0
marketplace/backend/internal/rbac/casbin.go:161.16,163.3 1 0
marketplace/backend/internal/rbac/casbin.go:165.2,165.16 1 0
marketplace/backend/internal/rbac/casbin.go:169.47,172.29 2 0
marketplace/backend/internal/rbac/casbin.go:172.29,173.29 1 0
marketplace/backend/internal/rbac/casbin.go:173.29,175.4 1 0
marketplace/backend/internal/rbac/casbin.go:177.2,177.33 1 0
marketplace/backend/internal/rbac/casbin.go:181.48,183.23 2 0
marketplace/backend/internal/rbac/casbin.go:183.23,184.22 1 0
marketplace/backend/internal/rbac/casbin.go:184.22,186.4 1 0
marketplace/backend/internal/rbac/casbin.go:189.2,189.33 1 0
marketplace/backend/internal/rbac/casbin.go:193.44,194.19 1 0
marketplace/backend/internal/rbac/casbin.go:194.19,196.3 1 0
marketplace/backend/internal/rbac/casbin.go:198.2,198.28 1 0
marketplace/backend/internal/rbac/casbin.go:198.28,199.25 1 0
marketplace/backend/internal/rbac/casbin.go:199.25,201.28 1 0
marketplace/backend/internal/rbac/casbin.go:201.28,202.13 1 0
marketplace/backend/internal/rbac/casbin.go:205.4,205.74 1 0
marketplace/backend/internal/rbac/casbin.go:205.74,206.13 1 0
marketplace/backend/internal/rbac/casbin.go:208.4,208.16 1 0
marketplace/backend/internal/rbac/casbin.go:211.2,211.25 1 0
marketplace/backend/internal/rbac/casbin.go:215.46,219.2 3 0
marketplace/backend/internal/router/router.go:19.3,21.40 1 0
marketplace/backend/internal/router/router.go:21.40,23.3 1 0
marketplace/backend/internal/router/router.go:26.2,27.2 2 0
marketplace/backend/internal/router/router.go:27.2,30.3 2 0
marketplace/backend/internal/router/router.go:30.3,34.4 3 0
marketplace/backend/internal/router/router.go:37.3,39.3 3 0
marketplace/backend/internal/router/router.go:39.3,43.4 3 0
marketplace/backend/internal/router/router.go:46.3,48.3 3 0
marketplace/backend/internal/router/router.go:48.3,50.4 1 0
marketplace/backend/internal/router/router.go:53.3,55.3 3 0
marketplace/backend/internal/router/router.go:55.3,59.4 3 0
marketplace/backend/internal/router/router.go:62.3,64.3 3 0
marketplace/backend/internal/router/router.go:64.3,68.4 3 0
marketplace/backend/internal/router/router.go:71.3,73.3 3 0
marketplace/backend/internal/router/router.go:73.3,76.4 2 0
marketplace/backend/internal/router/router.go:79.3,81.3 3 0
marketplace/backend/internal/router/router.go:81.3,89.4 7 0
marketplace/backend/internal/router/router.go:92.3,94.3 3 0
marketplace/backend/internal/router/router.go:94.3,99.4 4 0
marketplace/backend/internal/router/router.go:102.3,104.3 3 0
marketplace/backend/internal/router/router.go:104.3,109.4 4 0
marketplace/backend/internal/router/router.go:112.3,114.3 3 0
marketplace/backend/internal/router/router.go:114.3,115.47 1 0
marketplace/backend/internal/router/router.go:115.47,122.5 1 0
marketplace/backend/internal/router/router.go:123.4,123.47 1 0
marketplace/backend/internal/router/router.go:123.47,125.50 2 0
marketplace/backend/internal/router/router.go:125.50,128.6 2 0
marketplace/backend/internal/router/router.go:129.5,129.53 1 0
marketplace/backend/internal/router/router.go:134.3,136.3 3 0
marketplace/backend/internal/router/router.go:136.3,140.4 3 0
marketplace/backend/internal/router/router.go:143.3,145.3 3 0
marketplace/backend/internal/router/router.go:145.3,153.4 6 0
marketplace/backend/pkg/response/response.go:43.48,49.2 1 0
marketplace/backend/pkg/response/response.go:52.75,58.2 1 0
marketplace/backend/pkg/response/response.go:61.48,67.2 1 0
marketplace/backend/pkg/response/response.go:70.32,72.2 1 0
marketplace/backend/pkg/response/response.go:75.54,80.2 1 0
marketplace/backend/pkg/response/response.go:83.79,89.2 1 0
marketplace/backend/pkg/response/response.go:92.49,94.2 1 0
marketplace/backend/pkg/response/response.go:97.51,102.2 1 0
marketplace/backend/pkg/response/response.go:105.48,107.2 1 0
marketplace/backend/pkg/response/response.go:110.47,112.2 1 0
marketplace/backend/pkg/response/response.go:115.47,117.2 1 0
marketplace/backend/pkg/response/response.go:120.52,122.2 1 0
marketplace/backend/pkg/logger/logger.go:19.30,22.30 2 0
marketplace/backend/pkg/logger/logger.go:22.30,24.3 1 0
marketplace/backend/pkg/logger/logger.go:24.8,27.3 2 0
marketplace/backend/pkg/logger/logger.go:30.2,31.21 2 0
marketplace/backend/pkg/logger/logger.go:31.21,34.17 3 0
marketplace/backend/pkg/logger/logger.go:34.17,36.4 1 0
marketplace/backend/pkg/logger/logger.go:38.2,63.12 7 0
marketplace/backend/pkg/logger/logger.go:67.30,69.2 1 0
marketplace/backend/pkg/logger/logger.go:72.44,74.2 1 0
marketplace/backend/pkg/logger/logger.go:77.45,79.2 1 0
marketplace/backend/pkg/logger/logger.go:82.44,84.2 1 0
marketplace/backend/pkg/logger/logger.go:87.45,89.2 1 0
marketplace/backend/pkg/logger/logger.go:92.45,94.2 1 0
marketplace/backend/pkg/errors/errors.go:36.33,38.2 1 0
marketplace/backend/migrations/migrate.go:14.13,17.16 2 0
marketplace/backend/migrations/migrate.go:17.16,19.3 1 0
marketplace/backend/migrations/migrate.go:22.2,23.16 2 0
marketplace/backend/migrations/migrate.go:23.16,25.3 1 0
marketplace/backend/migrations/migrate.go:27.2,39.16 3 0
marketplace/backend/migrations/migrate.go:39.16,41.3 1 0
marketplace/backend/migrations/migrate.go:43.2,51.33 4 0
marketplace/backend/migrations/migrate.go:55.33,72.2 11 0
marketplace/backend/migrations/migrate.go:75.34,87.25 4 0
marketplace/backend/migrations/migrate.go:87.25,89.3 1 0
marketplace/backend/migrations/migrate.go:92.2,97.33 2 0
marketplace/backend/migrations/migrate.go:97.33,99.3 1 0
marketplace/backend/migrations/migrate.go:100.2,107.31 3 0
marketplace/backend/migrations/migrate.go:107.31,110.3 2 0
marketplace/backend/migrations/migrate.go:111.2,113.42 2 0
